<?xml version="1.0" encoding="UTF-8"?>
<testsuite xmlns:xsi="http://www.w3.org/2001/XMLSchema-instance" xsi:noNamespaceSchemaLocation="https://maven.apache.org/surefire/maven-surefire-plugin/xsd/surefire-test-report-3.0.xsd" version="3.0" name="com.cicd.app.controller.TaskControllerTest" time="7.445" tests="5" errors="0" skipped="0" failures="0">
  <properties>
[...]
</properties>
  <testcase name="testGetAllTasks" classname="com.cicd.app.controller.TaskControllerTest" time="2.16">
    <system-out><![CDATA[19:28:23.563 [main] INFO org.springframework.test.context.support.AnnotationConfigContextLoaderUtils -- Could not detect default configuration classes for test class [com.cicd.app.controller.TaskControllerTest]: TaskControllerTest does not declare any static, non-private, non-final, nested classes annotated with @Configuration.
19:28:23.831 [main] INFO org.springframework.boot.test.context.SpringBootTestContextBootstrapper -- Found @SpringBootConfiguration com.cicd.app.CicdJavaAppApplication for test class com.cicd.app.controller.TaskControllerTest

  .   ____          _            __ _ _
 /\\ / ___'_ __ _ _(_)_ __  __ _ \ \ \ \
( ( )\___ | '_ | '_| | '_ \/ _` | \ \ \ \
 \\/  ___)| |_)| | | | | || (_| |  ) ) ) )
  '  |____| .__|_| |_|_| |_\__, | / / / /
 =========|_|==============|___/=/_/_/_/
 :: Spring Boot ::                (v3.1.5)

2026-04-07T19:28:24.877+05:30  INFO 13670 --- [           main] c.c.app.controller.TaskControllerTest    : Starting TaskControllerTest using Java 21.0.10 with PID 13670 (started by sumeet in /home/sumeet/cicd-java-app)
2026-04-07T19:28:24.879+05:30  INFO 13670 --- [           main] c.c.app.controller.TaskControllerTest    : No active profile set, falling back to 1 default profile: "default"
2026-04-07T19:28:27.114+05:30  INFO 13670 --- [           main] o.s.b.w.embedded.tomcat.TomcatWebServer  : Tomcat initialized with port(s): 0 (http)
2026-04-07T19:28:27.139+05:30  INFO 13670 --- [           main] o.apache.catalina.core.StandardService   : Starting service [Tomcat]
2026-04-07T19:28:27.140+05:30  INFO 13670 --- [           main] o.apache.catalina.core.StandardEngine    : Starting Servlet engine: [Apache Tomcat/10.1.15]
2026-04-07T19:28:27.357+05:30  INFO 13670 --- [           main] o.a.c.c.C.[Tomcat].[localhost].[/]       : Initializing Spring embedded WebApplicationContext
2026-04-07T19:28:27.358+05:30  INFO 13670 --- [           main] w.s.c.ServletWebServerApplicationContext : Root WebApplicationContext: initialization completed in 2417 ms
2026-04-07T19:28:28.198+05:30  INFO 13670 --- [           main] o.s.b.w.embedded.tomcat.TomcatWebServer  : Tomcat started on port(s): 45951 (http) with context path ''
2026-04-07T19:28:28.212+05:30  INFO 13670 --- [           main] c.c.app.controller.TaskControllerTest    : Started TaskControllerTest in 4.008 seconds (process running for 6.363)
2026-04-07T19:28:29.978+05:30  INFO 13670 --- [o-auto-1-exec-1] o.a.c.c.C.[Tomcat].[localhost].[/]       : Initializing Spring DispatcherServlet 'dispatcherServlet'
2026-04-07T19:28:29.978+05:30  INFO 13670 --- [o-auto-1-exec-1] o.s.web.servlet.DispatcherServlet        : Initializing Servlet 'dispatcherServlet'
2026-04-07T19:28:29.980+05:30  INFO 13670 --- [o-auto-1-exec-1] o.s.web.servlet.DispatcherServlet        : Completed initialization in 1 ms
]]></system-out>
    <system-err><![CDATA[WARNING: A Java agent has been loaded dynamically (/home/sumeet/.m2/repository/net/bytebuddy/byte-buddy-agent/1.14.9/byte-buddy-agent-1.14.9.jar)
WARNING: If a serviceability tool is in use, please run with -XX:+EnableDynamicAgentLoading to hide this warning
WARNING: If a serviceability tool is not in use, please run with -Djdk.instrument.traceUsage for more information
WARNING: Dynamic loading of agents will be disallowed by default in a future release
]]></system-err>
  </testcase>
  <testcase name="testCreateTaskWithEmptyTitle" classname="com.cicd.app.controller.TaskControllerTest" time="0.064"/>
  <testcase name="testDeleteTask" classname="com.cicd.app.controller.TaskControllerTest" time="0.031"/>
  <testcase name="testHealthCheck" classname="com.cicd.app.controller.TaskControllerTest" time="0.022"/>
  <testcase name="testCreateAndGetTask" classname="com.cicd.app.controller.TaskControllerTest" time="0.016"/>
</testsuite>